Using pre-set license
Built from '6000.0/release' branch; Version is '6000.0.29f1 (9fafe5c9db65) revision 10465253'; Using compiler version '193933523'; Build Type 'Release'
OS: 'Windows 10  (10.0.19045) 64bit Core' Language: 'en' Physical Memory: 16339 MB
BatchMode: 1, IsHumanControllingUs: 0, StartBugReporterOnCrash: 0, Is64bit: 1, IsPro: 1

COMMAND LINE ARGUMENTS:
C:\Program Files\Unity\Hub\Editor\6000.0.29f1\Editor\Unity.exe
-adb2
-batchMode
-noUpm
-name
AssetImportWorker0
-projectPath
C:/Users/lozbr/Documents/dev/unity/AstroRush2024
-logFile
Logs/AssetImportWorker0.log
-srvPort
54629
-job-worker-count
3
-background-job-worker-count
8
-asset-garbage-collectors
1
Successfully changed project path to: C:/Users/lozbr/Documents/dev/unity/AstroRush2024
C:/Users/lozbr/Documents/dev/unity/AstroRush2024
[UnityMemory] Configuration Parameters - Can be set up in boot.config
    "memorysetup-bucket-allocator-granularity=16"
    "memorysetup-bucket-allocator-bucket-count=8"
    "memorysetup-bucket-allocator-block-size=33554432"
    "memorysetup-bucket-allocator-block-count=8"
    "memorysetup-main-allocator-block-size=16777216"
    "memorysetup-thread-allocator-block-size=16777216"
    "memorysetup-gfx-main-allocator-block-size=16777216"
    "memorysetup-gfx-thread-allocator-block-size=16777216"
    "memorysetup-cache-allocator-block-size=4194304"
    "memorysetup-typetree-allocator-block-size=2097152"
    "memorysetup-profiler-bucket-allocator-granularity=16"
    "memorysetup-profiler-bucket-allocator-bucket-count=8"
    "memorysetup-profiler-bucket-allocator-block-size=33554432"
    "memorysetup-profiler-bucket-allocator-block-count=8"
    "memorysetup-profiler-allocator-block-size=16777216"
    "memorysetup-profiler-editor-allocator-block-size=1048576"
    "memorysetup-temp-allocator-size-main=16777216"
    "memorysetup-job-temp-allocator-block-size=2097152"
    "memorysetup-job-temp-allocator-block-size-background=1048576"
    "memorysetup-job-temp-allocator-reduction-small-platforms=262144"
    "memorysetup-allocator-temp-initial-block-size-main=262144"
    "memorysetup-allocator-temp-initial-block-size-worker=262144"
    "memorysetup-temp-allocator-size-background-worker=32768"
    "memorysetup-temp-allocator-size-job-worker=262144"
    "memorysetup-temp-allocator-size-preload-manager=33554432"
    "memorysetup-temp-allocator-size-nav-mesh-worker=65536"
    "memorysetup-temp-allocator-size-audio-worker=65536"
    "memorysetup-temp-allocator-size-cloud-worker=32768"
    "memorysetup-temp-allocator-size-gi-baking-worker=262144"
    "memorysetup-temp-allocator-size-gi-baking-worker=262144"
    "memorysetup-temp-allocator-size-gi-baking-worker=262144"
    "memorysetup-temp-allocator-size-gi-baking-worker=262144"
    "memorysetup-temp-allocator-size-gi-baking-worker=262144"
    "memorysetup-temp-allocator-size-gfx=262144"
Player connection [18772]  Target information:

Player connection [18772]  * "[IP] 192.168.1.246 [Port] 0 [Flags] 2 [Guid] 1235744630 [EditorId] 1235744630 [Version] 1048832 [Id] WindowsEditor(7,DESKTOP-1842GBG) [Debug] 1 [PackageName] WindowsEditor [ProjectName] Editor" 

Player connection [18772] Host joined multi-casting on [225.0.0.222:54997]...
Player connection [18772] Host joined alternative multi-casting on [225.0.0.222:34997]...
JobSystem: Creating JobQueue using job-worker-count value 3
[Physics::Module] Initialized fallback backend.
[Physics::Module] Id: 0xdecafbad
Library Redirect Path: Library/
[Physics::Module] Selected backend.
[Physics::Module] Name: PhysX
[Physics::Module] Id: 0xf2b8ea05
[Physics::Module] SDK Version: 4.1.2
[Physics::Module] Integration Version: 1.0.0
[Physics::Module] Threading Mode: Multi-Threaded
Refreshing native plugins compatible for Editor in 321.46 ms, found 3 plugins.
Preloading 0 native plugins for Editor in 0.00 ms.
Initialize engine version: 6000.0.29f1 (9fafe5c9db65)
[Subsystems] Discovering subsystems at path C:/Program Files/Unity/Hub/Editor/6000.0.29f1/Editor/Data/Resources/UnitySubsystems
[Subsystems] Discovering subsystems at path C:/Users/lozbr/Documents/dev/unity/AstroRush2024/Assets
GfxDevice: creating device client; kGfxThreadingModeNonThreaded
Direct3D:
    Version:  Direct3D 11.0 [level 11.1]
    Renderer: NVIDIA GeForce GTX 1080 (ID=0x1b80)
    Vendor:   NVIDIA
    VRAM:     8059 MB
    Driver:   32.0.15.6094
Initialize mono
Mono path[0] = 'C:/Program Files/Unity/Hub/Editor/6000.0.29f1/Editor/Data/Managed'
Mono path[1] = 'C:/Program Files/Unity/Hub/Editor/6000.0.29f1/Editor/Data/MonoBleedingEdge/lib/mono/unityjit-win32'
Mono config path = 'C:/Program Files/Unity/Hub/Editor/6000.0.29f1/Editor/Data/MonoBleedingEdge/etc'
Using monoOptions --debugger-agent=transport=dt_socket,embedding=1,server=y,suspend=n,address=127.0.0.1:56056
Begin MonoManager ReloadAssembly
Registering precompiled unity dll's ...
Register platform support module: C:/Program Files/Unity/Hub/Editor/6000.0.29f1/Editor/Data/PlaybackEngines/WindowsStandaloneSupport/UnityEditor.WindowsStandalone.Extensions.dll
Registered in 0.009071 seconds.
- Loaded All Assemblies, in  2.133 seconds
Native extension for WindowsStandalone target not found
Mono: successfully reloaded assembly
- Finished resetting the current domain, in  0.562 seconds
Domain Reload Profiling: 2691ms
	BeginReloadAssembly (439ms)
		ExecutionOrderSort (0ms)
		DisableScriptedObjects (0ms)
		BackupInstance (0ms)
		ReleaseScriptingObjects (0ms)
		CreateAndSetChildDomain (1ms)
	RebuildCommonClasses (336ms)
	RebuildNativeTypeToScriptingClass (15ms)
	initialDomainReloadingComplete (81ms)
	LoadAllAssembliesAndSetupDomain (1257ms)
		LoadAssemblies (434ms)
		RebuildTransferFunctionScriptingTraits (0ms)
		AnalyzeDomain (1254ms)
			TypeCache.Refresh (1252ms)
				TypeCache.ScanAssembly (903ms)
			BuildScriptInfoCaches (0ms)
			ResolveRequiredComponents (0ms)
	FinalizeReload (563ms)
		ReleaseScriptCaches (0ms)
		RebuildScriptCaches (0ms)
		SetupLoadedEditorAssemblies (525ms)
			LogAssemblyErrors (0ms)
			InitializePlatformSupportModulesInManaged (34ms)
			SetLoadedEditorAssemblies (4ms)
			BeforeProcessingInitializeOnLoad (8ms)
			ProcessInitializeOnLoadAttributes (302ms)
			ProcessInitializeOnLoadMethodAttributes (174ms)
			AfterProcessingInitializeOnLoad (3ms)
			EditorAssembliesLoaded (0ms)
		ExecutionOrderSort2 (0ms)
		AwakeInstancesAfterBackupRestoration (0ms)
========================================================================
Worker process is ready to serve import requests
Import Worker Mode flag is 0x00
Begin MonoManager ReloadAssembly
Symbol file LoadedFromMemory is not a mono symbol file
- Loaded All Assemblies, in 13.599 seconds
Refreshing native plugins compatible for Editor in 7.93 ms, found 3 plugins.
Native extension for WindowsStandalone target not found
Refreshing native plugins compatible for Editor in 9.56 ms, found 3 plugins.
Mono: successfully reloaded assembly
- Finished resetting the current domain, in  1.686 seconds
Domain Reload Profiling: 15273ms
	BeginReloadAssembly (229ms)
		ExecutionOrderSort (0ms)
		DisableScriptedObjects (8ms)
		BackupInstance (0ms)
		ReleaseScriptingObjects (0ms)
		CreateAndSetChildDomain (36ms)
	RebuildCommonClasses (47ms)
	RebuildNativeTypeToScriptingClass (16ms)
	initialDomainReloadingComplete (52ms)
	LoadAllAssembliesAndSetupDomain (13242ms)
		LoadAssemblies (12935ms)
		RebuildTransferFunctionScriptingTraits (0ms)
		AnalyzeDomain (452ms)
			TypeCache.Refresh (357ms)
				TypeCache.ScanAssembly (284ms)
			BuildScriptInfoCaches (79ms)
			ResolveRequiredComponents (13ms)
	FinalizeReload (1687ms)
		ReleaseScriptCaches (0ms)
		RebuildScriptCaches (0ms)
		SetupLoadedEditorAssemblies (1192ms)
			LogAssemblyErrors (0ms)
			InitializePlatformSupportModulesInManaged (3ms)
			SetLoadedEditorAssemblies (5ms)
			BeforeProcessingInitializeOnLoad (140ms)
			ProcessInitializeOnLoadAttributes (577ms)
			ProcessInitializeOnLoadMethodAttributes (454ms)
			AfterProcessingInitializeOnLoad (13ms)
			EditorAssembliesLoaded (0ms)
		ExecutionOrderSort2 (0ms)
		AwakeInstancesAfterBackupRestoration (8ms)
Launched and connected shader compiler UnityShaderCompiler.exe after 0.04 seconds
Refreshing native plugins compatible for Editor in 7.19 ms, found 3 plugins.
Preloading 0 native plugins for Editor in 0.00 ms.
Unloading 290 Unused Serialized files (Serialized files now loaded: 0)
Unloading 5139 unused Assets / (4.5 MB). Loaded Objects now: 5895.
Memory consumption went from 255.0 MB to 250.5 MB.
Total: 13.927700 ms (FindLiveObjects: 0.685300 ms CreateObjectMapping: 1.016300 ms MarkObjects: 8.550700 ms  DeleteObjects: 3.674300 ms)

========================================================================
Received Import Request.
  Time since last request: 1294383.342377 seconds.
  path: Assets/GameObjects/Ships/PlayerShip/PlayerRam.prefab
  artifactKey: Guid(d8cc8145d1808a64cb64daa4b053aabe) Importer(815301076,1909f56bfc062723c751e8b465ee728b)
Start importing Assets/GameObjects/Ships/PlayerShip/PlayerRam.prefab using Guid(d8cc8145d1808a64cb64daa4b053aabe) Importer(815301076,1909f56bfc062723c751e8b465ee728b) (PreviewImporter) -> (artifact id: '66f2540da9f0db9ef153497303ebad26') in 1.156769 seconds
Number of updated asset objects reloaded before import = 0Number of asset objects unloaded after import = 460

========================================================================
Received Import Request.
  Time since last request: 0.000034 seconds.
  path: Assets/GameObjects/Ships/PlayerShip/PlayerGunship.prefab
  artifactKey: Guid(e43f44f296793174a9f10b366b6f8dd4) Importer(815301076,1909f56bfc062723c751e8b465ee728b)
Start importing Assets/GameObjects/Ships/PlayerShip/PlayerGunship.prefab using Guid(e43f44f296793174a9f10b366b6f8dd4) Importer(815301076,1909f56bfc062723c751e8b465ee728b) (PreviewImporter) -> (artifact id: 'a48782dcbb4b375cd4ef46e978f8910c') in 0.16488 seconds
Number of updated asset objects reloaded before import = 0Number of asset objects unloaded after import = 356

========================================================================
Received Import Request.
  Time since last request: 84.969047 seconds.
  path: Assets/GameObjects/Ships/PlayerShip/PlayerStealth.prefab
  artifactKey: Guid(b91a38172f2d9694e861917cd761e094) Importer(815301076,1909f56bfc062723c751e8b465ee728b)
Start importing Assets/GameObjects/Ships/PlayerShip/PlayerStealth.prefab using Guid(b91a38172f2d9694e861917cd761e094) Importer(815301076,1909f56bfc062723c751e8b465ee728b) (PreviewImporter) -> (artifact id: '8881b0376cbb007c3034c25d63dd55f4') in 0.2483367 seconds
Number of updated asset objects reloaded before import = 0Number of asset objects unloaded after import = 485

========================================================================
Received Import Request.
  Time since last request: 18.784043 seconds.
  path: Assets/GameObjects/Ships/PlayerShip/Player Ship Stealth/ShipPlayerStealth.prefab
  artifactKey: Guid(171251005d13771439f6186c15e217aa) Importer(815301076,1909f56bfc062723c751e8b465ee728b)
Start importing Assets/GameObjects/Ships/PlayerShip/Player Ship Stealth/ShipPlayerStealth.prefab using Guid(171251005d13771439f6186c15e217aa) Importer(815301076,1909f56bfc062723c751e8b465ee728b) (PreviewImporter) -> (artifact id: '19959881e8762fee45243380f0e01f1e') in 0.0258081 seconds
Number of updated asset objects reloaded before import = 0Number of asset objects unloaded after import = 24

========================================================================
Received Import Request.
  Time since last request: 4.495735 seconds.
  path: Assets/GameObjects/Ships/PlayerShip/Player Ship Stealth
  artifactKey: Guid(c3d3e517be659524eaa1ed5f41e233a5) Importer(815301076,1909f56bfc062723c751e8b465ee728b)
Start importing Assets/GameObjects/Ships/PlayerShip/Player Ship Stealth using Guid(c3d3e517be659524eaa1ed5f41e233a5) Importer(815301076,1909f56bfc062723c751e8b465ee728b) (PreviewImporter) -> (artifact id: '6c4819a6277fb7f9034184b1202a669a') in 0.0008684 seconds
Number of updated asset objects reloaded before import = 0Number of asset objects unloaded after import = 0

========================================================================
Received Import Request.
  Time since last request: 2.177850 seconds.
  path: Assets/GameObjects/Ships/PlayerShip/Player Ship Standard/ShipPlayerStandard.prefab
  artifactKey: Guid(55ae052de76a00440b5f6191c5c72802) Importer(815301076,1909f56bfc062723c751e8b465ee728b)
Start importing Assets/GameObjects/Ships/PlayerShip/Player Ship Standard/ShipPlayerStandard.prefab using Guid(55ae052de76a00440b5f6191c5c72802) Importer(815301076,1909f56bfc062723c751e8b465ee728b) (PreviewImporter) -> (artifact id: '387bafc6019a17dd996d1412d803c914') in 0.0222934 seconds
Number of updated asset objects reloaded before import = 0Number of asset objects unloaded after import = 14

========================================================================
Received Import Request.
  Time since last request: 923.660372 seconds.
  path: Assets/GameObjects/Ships/PlayerShip
  artifactKey: Guid(742d523fe8360d142a15dc57966a1f50) Importer(815301076,1909f56bfc062723c751e8b465ee728b)
Start importing Assets/GameObjects/Ships/PlayerShip using Guid(742d523fe8360d142a15dc57966a1f50) Importer(815301076,1909f56bfc062723c751e8b465ee728b) (PreviewImporter) -> (artifact id: 'd86206e06beccf13dac780ed37882bef') in 0.0087759 seconds
Number of updated asset objects reloaded before import = 0Number of asset objects unloaded after import = 0

========================================================================
Received Import Request.
  Time since last request: 75.588754 seconds.
  path: Assets/Data/StageA/StageA.asset
  artifactKey: Guid(5cc106b1c2494b54493f80c07f004c53) Importer(815301076,1909f56bfc062723c751e8b465ee728b)
Start importing Assets/Data/StageA/StageA.asset using Guid(5cc106b1c2494b54493f80c07f004c53) Importer(815301076,1909f56bfc062723c751e8b465ee728b) (PreviewImporter) -> (artifact id: '6d801984c518d6b46bb0dd6a879e09b8') in 0.0449771 seconds
Number of updated asset objects reloaded before import = 0Number of asset objects unloaded after import = 371

========================================================================
Received Import Request.
  Time since last request: 7.230291 seconds.
  path: Assets/Data/StageA/StageALvl1.asset
  artifactKey: Guid(2c0faa85f4a83074895299bedb78c808) Importer(815301076,1909f56bfc062723c751e8b465ee728b)
Start importing Assets/Data/StageA/StageALvl1.asset using Guid(2c0faa85f4a83074895299bedb78c808) Importer(815301076,1909f56bfc062723c751e8b465ee728b) (PreviewImporter) -> (artifact id: '54e99f91c5e76d435c6c571d43477a8a') in 0.0178575 seconds
Number of updated asset objects reloaded before import = 0Number of asset objects unloaded after import = 209

========================================================================
Received Import Request.
  Time since last request: 4.542052 seconds.
  path: Assets/Data/StageA/StageALvl2.asset
  artifactKey: Guid(74f3f7582c78bff46b5b4a574e5716e0) Importer(815301076,1909f56bfc062723c751e8b465ee728b)
Start importing Assets/Data/StageA/StageALvl2.asset using Guid(74f3f7582c78bff46b5b4a574e5716e0) Importer(815301076,1909f56bfc062723c751e8b465ee728b) (PreviewImporter) -> (artifact id: '1f2737d8a6a9a7b93abf4d3188158ca3') in 0.0350139 seconds
Number of updated asset objects reloaded before import = 0Number of asset objects unloaded after import = 272

========================================================================
Received Import Request.
  Time since last request: 7.460601 seconds.
  path: Assets/Data/StageA/StageABoss.asset
  artifactKey: Guid(a5d026a1e2690b443baeb17c34046f50) Importer(815301076,1909f56bfc062723c751e8b465ee728b)
Start importing Assets/Data/StageA/StageABoss.asset using Guid(a5d026a1e2690b443baeb17c34046f50) Importer(815301076,1909f56bfc062723c751e8b465ee728b) (PreviewImporter) -> (artifact id: '0b5ff361dfbbe1591208e973b8b1b679') in 0.0376981 seconds
Number of updated asset objects reloaded before import = 0Number of asset objects unloaded after import = 296

========================================================================
Received Import Request.
  Time since last request: 9.111008 seconds.
  path: Assets/Data/StageA
  artifactKey: Guid(638851525484ed94d8f2e2cb0e6cfe8c) Importer(815301076,1909f56bfc062723c751e8b465ee728b)
Start importing Assets/Data/StageA using Guid(638851525484ed94d8f2e2cb0e6cfe8c) Importer(815301076,1909f56bfc062723c751e8b465ee728b) (PreviewImporter) -> (artifact id: 'd368707bdc632947da7c2bc0f9e613d8') in 0.0008645 seconds
Number of updated asset objects reloaded before import = 0Number of asset objects unloaded after import = 0

========================================================================
Received Import Request.
  Time since last request: 0.374887 seconds.
  path: Assets/Data
  artifactKey: Guid(346cb034953dacc489234a17fcf3bb58) Importer(815301076,1909f56bfc062723c751e8b465ee728b)
Start importing Assets/Data using Guid(346cb034953dacc489234a17fcf3bb58) Importer(815301076,1909f56bfc062723c751e8b465ee728b) (PreviewImporter) -> (artifact id: '5c5ad9d48a8254eae0c548dfd612953a') in 0.0006061 seconds
Number of updated asset objects reloaded before import = 0Number of asset objects unloaded after import = 0

========================================================================
Received Import Request.
  Time since last request: 70.034699 seconds.
  path: Assets/Data/StageA/StageALvl3.asset
  artifactKey: Guid(1889d3c49d9665849b9a216d4d1276ca) Importer(815301076,1909f56bfc062723c751e8b465ee728b)
Start importing Assets/Data/StageA/StageALvl3.asset using Guid(1889d3c49d9665849b9a216d4d1276ca) Importer(815301076,1909f56bfc062723c751e8b465ee728b) (PreviewImporter) -> (artifact id: '3f9fd66f27d4db7b4838031465999389') in 0.0362588 seconds
Number of updated asset objects reloaded before import = 0Number of asset objects unloaded after import = 272

========================================================================
Received Import Request.
  Time since last request: 14.034523 seconds.
  path: Assets/Data/StageA/StageALvl4.asset
  artifactKey: Guid(63e851a634f39b74dbfcd4f4fdbd1173) Importer(815301076,1909f56bfc062723c751e8b465ee728b)
Start importing Assets/Data/StageA/StageALvl4.asset using Guid(63e851a634f39b74dbfcd4f4fdbd1173) Importer(815301076,1909f56bfc062723c751e8b465ee728b) (PreviewImporter) -> (artifact id: 'acef588b93cb887a859279054cce966b') in 0.0303447 seconds
Number of updated asset objects reloaded before import = 0Number of asset objects unloaded after import = 201

========================================================================
Received Import Request.
  Time since last request: 2.266979 seconds.
  path: Assets/Data/StageA/StageALvl5.asset
  artifactKey: Guid(93f5cfb5c6760da489037393a1b84da4) Importer(815301076,1909f56bfc062723c751e8b465ee728b)
Start importing Assets/Data/StageA/StageALvl5.asset using Guid(93f5cfb5c6760da489037393a1b84da4) Importer(815301076,1909f56bfc062723c751e8b465ee728b) (PreviewImporter) -> (artifact id: '8826481d8ea39efe234df2c924b889ee') in 0.0209839 seconds
Number of updated asset objects reloaded before import = 0Number of asset objects unloaded after import = 238

========================================================================
Received Import Request.
  Time since last request: 4287.909410 seconds.
  path: Assets/Loader.unity
  artifactKey: Guid(5230f955c32ccb9449217cbb350b2ad2) Importer(815301076,1909f56bfc062723c751e8b465ee728b)
Start importing Assets/Loader.unity using Guid(5230f955c32ccb9449217cbb350b2ad2) Importer(815301076,1909f56bfc062723c751e8b465ee728b) (PreviewImporter) -> (artifact id: '37005258ade3b807dc13bb8039d93237') in 0.0028814 seconds
Number of updated asset objects reloaded before import = 0Number of asset objects unloaded after import = 0

