Using pre-set license
Built from '6000.0/release' branch; Version is '6000.0.29f1 (9fafe5c9db65) revision 10465253'; Using compiler version '193933523'; Build Type 'Release'
OS: 'Windows 10  (10.0.19045) 64bit Core' Language: 'en' Physical Memory: 16339 MB
BatchMode: 1, IsHumanControllingUs: 0, StartBugReporterOnCrash: 0, Is64bit: 1, IsPro: 1

COMMAND LINE ARGUMENTS:
C:\Program Files\Unity\Hub\Editor\6000.0.29f1\Editor\Unity.exe
-adb2
-batchMode
-noUpm
-name
AssetImportWorker0
-projectPath
C:/Users/lozbr/Documents/dev/unity/AstroRush2024
-logFile
Logs/AssetImportWorker0.log
-srvPort
50739
-job-worker-count
3
-background-job-worker-count
8
-asset-garbage-collectors
1
Successfully changed project path to: C:/Users/lozbr/Documents/dev/unity/AstroRush2024
C:/Users/lozbr/Documents/dev/unity/AstroRush2024
[UnityMemory] Configuration Parameters - Can be set up in boot.config
    "memorysetup-bucket-allocator-granularity=16"
    "memorysetup-bucket-allocator-bucket-count=8"
    "memorysetup-bucket-allocator-block-size=33554432"
    "memorysetup-bucket-allocator-block-count=8"
    "memorysetup-main-allocator-block-size=16777216"
    "memorysetup-thread-allocator-block-size=16777216"
    "memorysetup-gfx-main-allocator-block-size=16777216"
    "memorysetup-gfx-thread-allocator-block-size=16777216"
    "memorysetup-cache-allocator-block-size=4194304"
    "memorysetup-typetree-allocator-block-size=2097152"
    "memorysetup-profiler-bucket-allocator-granularity=16"
    "memorysetup-profiler-bucket-allocator-bucket-count=8"
    "memorysetup-profiler-bucket-allocator-block-size=33554432"
    "memorysetup-profiler-bucket-allocator-block-count=8"
    "memorysetup-profiler-allocator-block-size=16777216"
    "memorysetup-profiler-editor-allocator-block-size=1048576"
    "memorysetup-temp-allocator-size-main=16777216"
    "memorysetup-job-temp-allocator-block-size=2097152"
    "memorysetup-job-temp-allocator-block-size-background=1048576"
    "memorysetup-job-temp-allocator-reduction-small-platforms=262144"
    "memorysetup-allocator-temp-initial-block-size-main=262144"
    "memorysetup-allocator-temp-initial-block-size-worker=262144"
    "memorysetup-temp-allocator-size-background-worker=32768"
    "memorysetup-temp-allocator-size-job-worker=262144"
    "memorysetup-temp-allocator-size-preload-manager=33554432"
    "memorysetup-temp-allocator-size-nav-mesh-worker=65536"
    "memorysetup-temp-allocator-size-audio-worker=65536"
    "memorysetup-temp-allocator-size-cloud-worker=32768"
    "memorysetup-temp-allocator-size-gi-baking-worker=262144"
    "memorysetup-temp-allocator-size-gi-baking-worker=262144"
    "memorysetup-temp-allocator-size-gi-baking-worker=262144"
    "memorysetup-temp-allocator-size-gi-baking-worker=262144"
    "memorysetup-temp-allocator-size-gi-baking-worker=262144"
    "memorysetup-temp-allocator-size-gfx=262144"
Player connection [17500]  Target information:

Player connection [17500]  * "[IP] 192.168.1.246 [Port] 0 [Flags] 2 [Guid] 4243236798 [EditorId] 4243236798 [Version] 1048832 [Id] WindowsEditor(7,DESKTOP-1842GBG) [Debug] 1 [PackageName] WindowsEditor [ProjectName] Editor" 

Player connection [17500] Host joined multi-casting on [225.0.0.222:54997]...
Player connection [17500] Host joined alternative multi-casting on [225.0.0.222:34997]...
JobSystem: Creating JobQueue using job-worker-count value 3
[Physics::Module] Initialized fallback backend.
[Physics::Module] Id: 0xdecafbad
Library Redirect Path: Library/
[Physics::Module] Selected backend.
[Physics::Module] Name: PhysX
[Physics::Module] Id: 0xf2b8ea05
[Physics::Module] SDK Version: 4.1.2
[Physics::Module] Integration Version: 1.0.0
[Physics::Module] Threading Mode: Multi-Threaded
Refreshing native plugins compatible for Editor in 9.99 ms, found 3 plugins.
Preloading 0 native plugins for Editor in 0.00 ms.
Initialize engine version: 6000.0.29f1 (9fafe5c9db65)
[Subsystems] Discovering subsystems at path C:/Program Files/Unity/Hub/Editor/6000.0.29f1/Editor/Data/Resources/UnitySubsystems
[Subsystems] Discovering subsystems at path C:/Users/lozbr/Documents/dev/unity/AstroRush2024/Assets
GfxDevice: creating device client; kGfxThreadingModeNonThreaded
Direct3D:
    Version:  Direct3D 11.0 [level 11.1]
    Renderer: NVIDIA GeForce GTX 1080 (ID=0x1b80)
    Vendor:   NVIDIA
    VRAM:     8059 MB
    Driver:   32.0.15.6094
Initialize mono
Mono path[0] = 'C:/Program Files/Unity/Hub/Editor/6000.0.29f1/Editor/Data/Managed'
Mono path[1] = 'C:/Program Files/Unity/Hub/Editor/6000.0.29f1/Editor/Data/MonoBleedingEdge/lib/mono/unityjit-win32'
Mono config path = 'C:/Program Files/Unity/Hub/Editor/6000.0.29f1/Editor/Data/MonoBleedingEdge/etc'
Using monoOptions --debugger-agent=transport=dt_socket,embedding=1,server=y,suspend=n,address=127.0.0.1:56848
Begin MonoManager ReloadAssembly
Registering precompiled unity dll's ...
Register platform support module: C:/Program Files/Unity/Hub/Editor/6000.0.29f1/Editor/Data/PlaybackEngines/WindowsStandaloneSupport/UnityEditor.WindowsStandalone.Extensions.dll
Registered in 0.005443 seconds.
- Loaded All Assemblies, in  0.525 seconds
Native extension for WindowsStandalone target not found
Mono: successfully reloaded assembly
- Finished resetting the current domain, in  0.479 seconds
Domain Reload Profiling: 1000ms
	BeginReloadAssembly (178ms)
		ExecutionOrderSort (0ms)
		DisableScriptedObjects (0ms)
		BackupInstance (0ms)
		ReleaseScriptingObjects (0ms)
		CreateAndSetChildDomain (1ms)
	RebuildCommonClasses (52ms)
	RebuildNativeTypeToScriptingClass (18ms)
	initialDomainReloadingComplete (64ms)
	LoadAllAssembliesAndSetupDomain (209ms)
		LoadAssemblies (173ms)
		RebuildTransferFunctionScriptingTraits (0ms)
		AnalyzeDomain (206ms)
			TypeCache.Refresh (204ms)
				TypeCache.ScanAssembly (187ms)
			BuildScriptInfoCaches (0ms)
			ResolveRequiredComponents (1ms)
	FinalizeReload (479ms)
		ReleaseScriptCaches (0ms)
		RebuildScriptCaches (0ms)
		SetupLoadedEditorAssemblies (429ms)
			LogAssemblyErrors (0ms)
			InitializePlatformSupportModulesInManaged (33ms)
			SetLoadedEditorAssemblies (5ms)
			BeforeProcessingInitializeOnLoad (7ms)
			ProcessInitializeOnLoadAttributes (274ms)
			ProcessInitializeOnLoadMethodAttributes (106ms)
			AfterProcessingInitializeOnLoad (4ms)
			EditorAssembliesLoaded (0ms)
		ExecutionOrderSort2 (0ms)
		AwakeInstancesAfterBackupRestoration (0ms)
========================================================================
Worker process is ready to serve import requests
Import Worker Mode flag is 0x00
Begin MonoManager ReloadAssembly
- Loaded All Assemblies, in  0.862 seconds
Refreshing native plugins compatible for Editor in 7.03 ms, found 3 plugins.
Native extension for WindowsStandalone target not found
Refreshing native plugins compatible for Editor in 11.63 ms, found 3 plugins.
Mono: successfully reloaded assembly
- Finished resetting the current domain, in  0.911 seconds
Domain Reload Profiling: 1765ms
	BeginReloadAssembly (228ms)
		ExecutionOrderSort (0ms)
		DisableScriptedObjects (7ms)
		BackupInstance (0ms)
		ReleaseScriptingObjects (0ms)
		CreateAndSetChildDomain (40ms)
	RebuildCommonClasses (48ms)
	RebuildNativeTypeToScriptingClass (17ms)
	initialDomainReloadingComplete (49ms)
	LoadAllAssembliesAndSetupDomain (511ms)
		LoadAssemblies (448ms)
		RebuildTransferFunctionScriptingTraits (0ms)
		AnalyzeDomain (203ms)
			TypeCache.Refresh (151ms)
				TypeCache.ScanAssembly (128ms)
			BuildScriptInfoCaches (45ms)
			ResolveRequiredComponents (5ms)
	FinalizeReload (912ms)
		ReleaseScriptCaches (0ms)
		RebuildScriptCaches (0ms)
		SetupLoadedEditorAssemblies (780ms)
			LogAssemblyErrors (0ms)
			InitializePlatformSupportModulesInManaged (2ms)
			SetLoadedEditorAssemblies (5ms)
			BeforeProcessingInitializeOnLoad (76ms)
			ProcessInitializeOnLoadAttributes (490ms)
			ProcessInitializeOnLoadMethodAttributes (194ms)
			AfterProcessingInitializeOnLoad (13ms)
			EditorAssembliesLoaded (0ms)
		ExecutionOrderSort2 (0ms)
		AwakeInstancesAfterBackupRestoration (7ms)
Launched and connected shader compiler UnityShaderCompiler.exe after 0.02 seconds
Refreshing native plugins compatible for Editor in 9.59 ms, found 3 plugins.
Preloading 0 native plugins for Editor in 0.00 ms.
Unloading 96 Unused Serialized files (Serialized files now loaded: 0)
Unloading 2834 unused Assets / (1.6 MB). Loaded Objects now: 3403.
Memory consumption went from 188.4 MB to 186.7 MB.
Total: 17.360700 ms (FindLiveObjects: 0.521500 ms CreateObjectMapping: 0.584500 ms MarkObjects: 14.623700 ms  DeleteObjects: 1.629600 ms)

========================================================================
Received Import Request.
  Time since last request: 1048696.203246 seconds.
  path: Assets/GameObjects/SpaceStation/SpaceStation2.fbx
  artifactKey: Guid(9175af7d79591b84da8c717d2ef5382f) Importer(815301076,1909f56bfc062723c751e8b465ee728b)
Start importing Assets/GameObjects/SpaceStation/SpaceStation2.fbx using Guid(9175af7d79591b84da8c717d2ef5382f) Importer(815301076,1909f56bfc062723c751e8b465ee728b) (PreviewImporter) -> (artifact id: '48af2c7e674b52dfc0acd4ffe8b0a970') in 0.4617573 seconds
Number of updated asset objects reloaded before import = 0Number of asset objects unloaded after import = 8

========================================================================
Received Import Request.
  Time since last request: 4.747617 seconds.
  path: Assets/GameObjects/SpaceStation/Spacestation_BodyMaterial.png
  artifactKey: Guid(0b23f36cb46a8444ca0c9bd1d8d30781) Importer(815301076,1909f56bfc062723c751e8b465ee728b)
Start importing Assets/GameObjects/SpaceStation/Spacestation_BodyMaterial.png using Guid(0b23f36cb46a8444ca0c9bd1d8d30781) Importer(815301076,1909f56bfc062723c751e8b465ee728b) (PreviewImporter) -> (artifact id: '67915286385a9c00f9654ab0bf0fcc7f') in 0.0193544 seconds
Number of updated asset objects reloaded before import = 0Number of asset objects unloaded after import = 2

========================================================================
Received Import Request.
  Time since last request: 5.888587 seconds.
  path: Assets/GameObjects/SpaceStation/SpacestationEx.fbx
  artifactKey: Guid(69608431f961636438732692cf99beb2) Importer(815301076,1909f56bfc062723c751e8b465ee728b)
Start importing Assets/GameObjects/SpaceStation/SpacestationEx.fbx using Guid(69608431f961636438732692cf99beb2) Importer(815301076,1909f56bfc062723c751e8b465ee728b) (PreviewImporter) -> (artifact id: 'dd096e84564c9f0a094e6410759187c8') in 0.0199793 seconds
Number of updated asset objects reloaded before import = 0Number of asset objects unloaded after import = 10

========================================================================
Received Import Request.
  Time since last request: 10.406727 seconds.
  path: Assets/GameObjects/SpaceStation/Top_spacestation_Material.png
  artifactKey: Guid(80342ce877497d14e855728498ec8f32) Importer(815301076,1909f56bfc062723c751e8b465ee728b)
Start importing Assets/GameObjects/SpaceStation/Top_spacestation_Material.png using Guid(80342ce877497d14e855728498ec8f32) Importer(815301076,1909f56bfc062723c751e8b465ee728b) (PreviewImporter) -> (artifact id: 'fd32b456e29f0ca87a03cea6d3d6f1ea') in 0.0192739 seconds
Number of updated asset objects reloaded before import = 0Number of asset objects unloaded after import = 2

========================================================================
Received Import Request.
  Time since last request: 7.604214 seconds.
  path: Assets/GameObjects/SpaceStation/Topspacestation.fbx
  artifactKey: Guid(cf595b7c2b930604bbec6b5bd848573b) Importer(815301076,1909f56bfc062723c751e8b465ee728b)
Start importing Assets/GameObjects/SpaceStation/Topspacestation.fbx using Guid(cf595b7c2b930604bbec6b5bd848573b) Importer(815301076,1909f56bfc062723c751e8b465ee728b) (PreviewImporter) -> (artifact id: 'bc65af2db61af2e8f62e574458a522ec') in 0.0220348 seconds
Number of updated asset objects reloaded before import = 0Number of asset objects unloaded after import = 10

========================================================================
Received Import Request.
  Time since last request: 1.535264 seconds.
  path: Assets/GameObjects/SpaceStation/Sides.fbx
  artifactKey: Guid(d1859a0344dace648ab7cfd795cae158) Importer(815301076,1909f56bfc062723c751e8b465ee728b)
Start importing Assets/GameObjects/SpaceStation/Sides.fbx using Guid(d1859a0344dace648ab7cfd795cae158) Importer(815301076,1909f56bfc062723c751e8b465ee728b) (PreviewImporter) -> (artifact id: '5e24d674d19760ff34aff0ee1e27f248') in 0.0231518 seconds
Number of updated asset objects reloaded before import = 0Number of asset objects unloaded after import = 14

========================================================================
Received Import Request.
  Time since last request: 4.315742 seconds.
  path: Assets/GameObjects/SpaceStation/SidesMaterial.png
  artifactKey: Guid(02525e522a035d2489e9971206464637) Importer(815301076,1909f56bfc062723c751e8b465ee728b)
Start importing Assets/GameObjects/SpaceStation/SidesMaterial.png using Guid(02525e522a035d2489e9971206464637) Importer(815301076,1909f56bfc062723c751e8b465ee728b) (PreviewImporter) -> (artifact id: '7ab054234329661fd18c20f76cd1bb0e') in 0.0150316 seconds
Number of updated asset objects reloaded before import = 0Number of asset objects unloaded after import = 2

========================================================================
Received Import Request.
  Time since last request: 1.110659 seconds.
  path: Assets/GameObjects/SpaceStation/panels.fbx
  artifactKey: Guid(1fd2e4ea8437ef84895c36482fa2c05e) Importer(815301076,1909f56bfc062723c751e8b465ee728b)
Start importing Assets/GameObjects/SpaceStation/panels.fbx using Guid(1fd2e4ea8437ef84895c36482fa2c05e) Importer(815301076,1909f56bfc062723c751e8b465ee728b) (PreviewImporter) -> (artifact id: '7357e5fb351b0a4e0feb7164d62be742') in 0.0244745 seconds
Number of updated asset objects reloaded before import = 0Number of asset objects unloaded after import = 40

========================================================================
Received Import Request.
  Time since last request: 6.822901 seconds.
  path: Assets/GameObjects/SpaceStation/PanelsMaterial.png
  artifactKey: Guid(ac60975e2a7e5564e979d302e994775f) Importer(815301076,1909f56bfc062723c751e8b465ee728b)
Start importing Assets/GameObjects/SpaceStation/PanelsMaterial.png using Guid(ac60975e2a7e5564e979d302e994775f) Importer(815301076,1909f56bfc062723c751e8b465ee728b) (PreviewImporter) -> (artifact id: '3adea70cd9f2c2daa27820a71499ad6d') in 0.0198802 seconds
Number of updated asset objects reloaded before import = 0Number of asset objects unloaded after import = 2

========================================================================
Received Import Request.
  Time since last request: 1.214330 seconds.
  path: Assets/GameObjects/SpaceStation
  artifactKey: Guid(3773676a1d5accd46891e796fcd93f32) Importer(815301076,1909f56bfc062723c751e8b465ee728b)
Start importing Assets/GameObjects/SpaceStation using Guid(3773676a1d5accd46891e796fcd93f32) Importer(815301076,1909f56bfc062723c751e8b465ee728b) (PreviewImporter) -> (artifact id: '3bfa11fb259297705778ea5d081ee322') in 0.000679 seconds
Number of updated asset objects reloaded before import = 0Number of asset objects unloaded after import = 0

========================================================================
Received Import Request.
  Time since last request: 2.150066 seconds.
  path: Assets/GameObjects/SpaceStation/Materials
  artifactKey: Guid(942f4057b7c522840908041be0c5c646) Importer(815301076,1909f56bfc062723c751e8b465ee728b)
Start importing Assets/GameObjects/SpaceStation/Materials using Guid(942f4057b7c522840908041be0c5c646) Importer(815301076,1909f56bfc062723c751e8b465ee728b) (PreviewImporter) -> (artifact id: '0d9053b43d8000069dc17d83e333f236') in 0.0005441 seconds
Number of updated asset objects reloaded before import = 0Number of asset objects unloaded after import = 0

========================================================================
Received Import Request.
  Time since last request: 35.285277 seconds.
  path: Assets/TextMesh Pro/Shaders/SDFFunctions.hlsl
  artifactKey: Guid(96de908384869cd409c75efa351d5edf) Importer(815301076,1909f56bfc062723c751e8b465ee728b)
Start importing Assets/TextMesh Pro/Shaders/SDFFunctions.hlsl using Guid(96de908384869cd409c75efa351d5edf) Importer(815301076,1909f56bfc062723c751e8b465ee728b) (PreviewImporter) -> (artifact id: '4e3d0fe6f5acc8d150bfb4bd92821946') in 0.0012848 seconds
Number of updated asset objects reloaded before import = 0Number of asset objects unloaded after import = 1

========================================================================
Received Import Request.
  Time since last request: 3.454523 seconds.
  path: Assets/TextMesh Pro/Shaders
  artifactKey: Guid(e9f693669af91aa45ad615fc681ed29f) Importer(815301076,1909f56bfc062723c751e8b465ee728b)
Start importing Assets/TextMesh Pro/Shaders using Guid(e9f693669af91aa45ad615fc681ed29f) Importer(815301076,1909f56bfc062723c751e8b465ee728b) (PreviewImporter) -> (artifact id: '9a91f11808356c12d48ced8d1eaef175') in 0.0005297 seconds
Number of updated asset objects reloaded before import = 0Number of asset objects unloaded after import = 0

========================================================================
Received Import Request.
  Time since last request: 285.377186 seconds.
  path: Assets/GameObjects/MiningBase/cart.FBX
  artifactKey: Guid(adab7da0406b5644d989ded1a37af797) Importer(815301076,1909f56bfc062723c751e8b465ee728b)
Start importing Assets/GameObjects/MiningBase/cart.FBX using Guid(adab7da0406b5644d989ded1a37af797) Importer(815301076,1909f56bfc062723c751e8b465ee728b) (PreviewImporter) -> (artifact id: '1ce78403a76eb99447ba5e47220e3a37') in 0.0200852 seconds
Number of updated asset objects reloaded before import = 0Number of asset objects unloaded after import = 7

========================================================================
Received Import Request.
  Time since last request: 3.622994 seconds.
  path: Assets/GameObjects/MiningBase/AsteroidBase.FBX
  artifactKey: Guid(2dba9e0d2a508444195bd97bc083e8dd) Importer(815301076,1909f56bfc062723c751e8b465ee728b)
Start importing Assets/GameObjects/MiningBase/AsteroidBase.FBX using Guid(2dba9e0d2a508444195bd97bc083e8dd) Importer(815301076,1909f56bfc062723c751e8b465ee728b) (PreviewImporter) -> (artifact id: '5d7967a8e4551b81da2101836c4cc2f2') in 0.0167007 seconds
Number of updated asset objects reloaded before import = 0Number of asset objects unloaded after import = 7

========================================================================
Received Import Request.
  Time since last request: 11.206728 seconds.
  path: Assets/GameObjects/MiningBase/CompleteBase.FBX
  artifactKey: Guid(0aee1ff7b0013ac4d9f5f2190ad4a181) Importer(815301076,1909f56bfc062723c751e8b465ee728b)
Start importing Assets/GameObjects/MiningBase/CompleteBase.FBX using Guid(0aee1ff7b0013ac4d9f5f2190ad4a181) Importer(815301076,1909f56bfc062723c751e8b465ee728b) (PreviewImporter) -> (artifact id: '2c4ae7096f4fa6d60136a79cb6abda2c') in 0.0858487 seconds
Number of updated asset objects reloaded before import = 0Number of asset objects unloaded after import = 54

========================================================================
Received Import Request.
  Time since last request: 8.166185 seconds.
  path: Assets/GameObjects/MiningBase/Drill.FBX
  artifactKey: Guid(6ae0e930a488d104a914ed7ba3064e57) Importer(815301076,1909f56bfc062723c751e8b465ee728b)
Start importing Assets/GameObjects/MiningBase/Drill.FBX using Guid(6ae0e930a488d104a914ed7ba3064e57) Importer(815301076,1909f56bfc062723c751e8b465ee728b) (PreviewImporter) -> (artifact id: '19f875a7400c66ae34398e8740d4837d') in 0.0255882 seconds
Number of updated asset objects reloaded before import = 0Number of asset objects unloaded after import = 7

========================================================================
Received Import Request.
  Time since last request: 2.652800 seconds.
  path: Assets/GameObjects/MiningBase/MineCart.FBX
  artifactKey: Guid(a1ec4d60fe961a84eaf0a0346562cdad) Importer(815301076,1909f56bfc062723c751e8b465ee728b)
Start importing Assets/GameObjects/MiningBase/MineCart.FBX using Guid(a1ec4d60fe961a84eaf0a0346562cdad) Importer(815301076,1909f56bfc062723c751e8b465ee728b) (PreviewImporter) -> (artifact id: '17efb0c568be586477ed97fc3a8cf5f5') in 0.0184041 seconds
Number of updated asset objects reloaded before import = 0Number of asset objects unloaded after import = 7

========================================================================
Received Import Request.
  Time since last request: 8.935332 seconds.
  path: Assets/GameObjects/MiningBase
  artifactKey: Guid(ce84ced03f7ed95438689cf90985ba1f) Importer(815301076,1909f56bfc062723c751e8b465ee728b)
Start importing Assets/GameObjects/MiningBase using Guid(ce84ced03f7ed95438689cf90985ba1f) Importer(815301076,1909f56bfc062723c751e8b465ee728b) (PreviewImporter) -> (artifact id: '6dbfebd32e61d707618b19c8e9019aec') in 0.0006692 seconds
Number of updated asset objects reloaded before import = 0Number of asset objects unloaded after import = 0

========================================================================
Received Import Request.
  Time since last request: 13.520454 seconds.
  path: Assets/GameObjects/Observatory/ObsBase.FBX
  artifactKey: Guid(17fbf9362dd45854d9a049f688774a14) Importer(815301076,1909f56bfc062723c751e8b465ee728b)
Start importing Assets/GameObjects/Observatory/ObsBase.FBX using Guid(17fbf9362dd45854d9a049f688774a14) Importer(815301076,1909f56bfc062723c751e8b465ee728b) (PreviewImporter) -> (artifact id: 'c08a7b0f952e71f22a7b36b5b4f2dadb') in 0.0180513 seconds
Number of updated asset objects reloaded before import = 0Number of asset objects unloaded after import = 7

========================================================================
Received Import Request.
  Time since last request: 1.506588 seconds.
  path: Assets/GameObjects/Observatory/ObsHouse.FBX
  artifactKey: Guid(2296fe001bc2c2d4db008c22c9cf8455) Importer(815301076,1909f56bfc062723c751e8b465ee728b)
Start importing Assets/GameObjects/Observatory/ObsHouse.FBX using Guid(2296fe001bc2c2d4db008c22c9cf8455) Importer(815301076,1909f56bfc062723c751e8b465ee728b) (PreviewImporter) -> (artifact id: '84374cd73241a4a70218ccdc350b5f25') in 0.0195554 seconds
Number of updated asset objects reloaded before import = 0Number of asset objects unloaded after import = 7

========================================================================
Received Import Request.
  Time since last request: 3.241050 seconds.
  path: Assets/GameObjects/Observatory/ObsTowerBase.FBX
  artifactKey: Guid(892f58f034c7f7b41a1c3bfc5523480b) Importer(815301076,1909f56bfc062723c751e8b465ee728b)
Start importing Assets/GameObjects/Observatory/ObsTowerBase.FBX using Guid(892f58f034c7f7b41a1c3bfc5523480b) Importer(815301076,1909f56bfc062723c751e8b465ee728b) (PreviewImporter) -> (artifact id: '3ca7d27951bd6b0935879638b447f943') in 0.0170417 seconds
Number of updated asset objects reloaded before import = 0Number of asset objects unloaded after import = 7

========================================================================
Received Import Request.
  Time since last request: 1.349550 seconds.
  path: Assets/GameObjects/Observatory/ObsTowerHead.FBX
  artifactKey: Guid(f09a835adc0b6f34397378ee2ffed5f8) Importer(815301076,1909f56bfc062723c751e8b465ee728b)
Start importing Assets/GameObjects/Observatory/ObsTowerHead.FBX using Guid(f09a835adc0b6f34397378ee2ffed5f8) Importer(815301076,1909f56bfc062723c751e8b465ee728b) (PreviewImporter) -> (artifact id: '20d5f417a23ea204fc1b5b81fac6fce8') in 0.0261264 seconds
Number of updated asset objects reloaded before import = 0Number of asset objects unloaded after import = 7

========================================================================
Received Import Request.
  Time since last request: 1.543014 seconds.
  path: Assets/GameObjects/Observatory/ObsTowerScope.FBX
  artifactKey: Guid(12e2cdcbede133342926ff5f797ae8c8) Importer(815301076,1909f56bfc062723c751e8b465ee728b)
Start importing Assets/GameObjects/Observatory/ObsTowerScope.FBX using Guid(12e2cdcbede133342926ff5f797ae8c8) Importer(815301076,1909f56bfc062723c751e8b465ee728b) (PreviewImporter) -> (artifact id: 'd81f8fa5711510b9bc431293adeae0d4') in 0.0174938 seconds
Number of updated asset objects reloaded before import = 0Number of asset objects unloaded after import = 7

========================================================================
Received Import Request.
  Time since last request: 1.186919 seconds.
  path: Assets/GameObjects/Observatory
  artifactKey: Guid(36f1686768786c842a1567e1c5002609) Importer(815301076,1909f56bfc062723c751e8b465ee728b)
Start importing Assets/GameObjects/Observatory using Guid(36f1686768786c842a1567e1c5002609) Importer(815301076,1909f56bfc062723c751e8b465ee728b) (PreviewImporter) -> (artifact id: '6418e7cb3ff03b59457e4b7eb149ec28') in 0.0006082 seconds
Number of updated asset objects reloaded before import = 0Number of asset objects unloaded after import = 0

